TN:
SF:src\index.tsx
FN:18,App
FN:47,prerender
FNF:2
FNH:0
FNDA:0,App
FNDA:0,prerender
DA:19,0
DA:21,0
DA:43,0
DA:44,0
DA:48,0
LF:5
LH:0
BRDA:43,0,0,0
BRDA:43,0,1,0
BRF:2
BRH:0
end_of_record
TN:
SF:src\components\Breadcrumb.tsx
FN:1,Breadcrumb
FNF:1
FNH:1
FNDA:1,Breadcrumb
DA:1,1
DA:2,1
DA:3,1
LF:3
LH:3
BRF:0
BRH:0
end_of_record
TN:
SF:src\components\Hamburger.tsx
FN:20,Hamburger
FN:21,(anonymous_7)
FNF:2
FNH:2
FNDA:2,Hamburger
FNDA:1,(anonymous_7)
DA:20,2
DA:21,2
DA:22,1
DA:24,1
DA:25,1
DA:26,1
DA:27,1
DA:30,2
DA:41,2
LF:9
LH:9
BRF:0
BRH:0
end_of_record
TN:
SF:src\components\Header.tsx
FN:21,Header
FNF:1
FNH:1
FNDA:1,Header
DA:21,1
DA:22,1
DA:28,1
LF:3
LH:3
BRF:0
BRH:0
end_of_record
TN:
SF:src\components\Menu.tsx
FN:1,Menu
FNF:1
FNH:0
FNDA:0,Menu
DA:2,0
LF:1
LH:0
BRF:0
BRH:0
end_of_record
TN:
SF:src\hooks\useCrud.ts
FN:6,useCrud
FNF:1
FNH:1
FNDA:104,useCrud
DA:6,104
DA:7,104
DA:8,104
DA:10,104
DA:11,1
DA:15,103
DA:16,1
LF:7
LH:7
BRDA:10,0,0,1
BRDA:10,0,1,103
BRDA:10,1,0,104
BRDA:10,1,1,104
BRF:4
BRH:4
end_of_record
TN:
SF:src\pages\_404.tsx
FN:1,NotFound
FNF:1
FNH:0
FNDA:0,NotFound
DA:2,0
LF:1
LH:0
BRF:0
BRH:0
end_of_record
TN:
SF:src\pages\Home\index.tsx
FN:4,Home
FNF:1
FNH:0
FNDA:0,Home
DA:5,0
LF:1
LH:0
BRF:0
BRH:0
end_of_record
TN:
SF:src\providers\crud.tsx
FN:23,CrudProvider
FN:31,(anonymous_7)
FN:32,(anonymous_8)
FNF:3
FNH:3
FNDA:104,CrudProvider
FNDA:103,(anonymous_7)
FNDA:515,(anonymous_8)
DA:23,1
DA:28,104
DA:29,104
DA:32,103
DA:33,515
DA:37,515
DA:44,1
LF:7
LH:7
BRF:0
BRH:0
end_of_record
TN:
SF:src\ui\Editor.tsx
FN:8,Editor
FNF:1
FNH:0
FNDA:0,Editor
DA:9,0
DA:11,0
DA:34,0
LF:3
LH:0
BRDA:9,0,0,0
BRDA:9,0,1,0
BRF:2
BRH:0
end_of_record
TN:
SF:src\ui\Title.tsx
FN:29,Title
FNF:1
FNH:1
FNDA:108,Title
DA:29,1
DA:30,108
DA:32,108
DA:40,1
LF:4
LH:4
BRDA:29,0,0,102
BRF:1
BRH:1
end_of_record
TN:
SF:src\utils\baseCrud.ts
FN:11,(anonymous_0)
FNF:1
FNH:1
FNDA:1,(anonymous_0)
DA:7,1
DA:12,1
DA:20,1
LF:3
LH:3
BRF:0
BRH:0
end_of_record
TN:
SF:src\utils\constants.ts
FNF:0
FNH:0
DA:4,2
LF:1
LH:1
BRF:0
BRH:0
end_of_record
TN:
SF:src\utils\getOrCreateContext.tsx
FN:15,getOrCreateContext
FNF:1
FNH:1
FNDA:208,getOrCreateContext
DA:4,1
DA:16,208
DA:17,2
DA:19,208
LF:4
LH:4
BRDA:16,0,0,2
BRDA:16,0,1,206
BRF:2
BRH:2
end_of_record
